Flow report for Estacion
Thu Dec  4 11:40:20 2025
Quartus Prime Version 25.1.1 Build 125 07/31/2025 SC Pro Edition


---------------------
; Table of Contents ;
---------------------
  1. Flow Summary
  2. Flow Settings
  3. Flow Non-Default Global Settings
  4. Flow Elapsed Time
  5. Flow OS Summary
  6. Flow Log
  7. Legal Notice



+--------------------------------------------------------------------------+
; Flow Summary                                                             ;
+-----------------------------+--------------------------------------------+
; Flow Status                 ; Successful - Thu Dec  4 11:40:20 2025      ;
; Quartus Prime Version       ; 25.1.1 Build 125 07/31/2025 SC Pro Edition ;
; Revision Name               ; Estacion                                   ;
; Top-level Entity Name       ; Estacion                                   ;
; Family                      ; Cyclone 10 GX                              ;
; Device                      ; 10CX220YF780I5G                            ;
; Timing Models               ; Final                                      ;
; Power Models                ; Final                                      ;
; Device Status               ; Final                                      ;
; Logic utilization (in ALMs) ; 77 / 80,330 ( < 1 % )                      ;
; Total registers             ; 87                                         ;
; Total pins                  ; 12 / 340 ( 4 % )                           ;
; Total virtual pins          ; 0                                          ;
; Total block memory bits     ; 0 / 12,021,760 ( 0 % )                     ;
; Total RAM Blocks            ; 0 / 587 ( 0 % )                            ;
; Total DSP Blocks            ; 0 / 192 ( 0 % )                            ;
; Total HSSI RX channels      ; 0 / 12 ( 0 % )                             ;
; Total HSSI TX channels      ; 0 / 12 ( 0 % )                             ;
; Total PLLs                  ; 0 / 30 ( 0 % )                             ;
+-----------------------------+--------------------------------------------+


+-----------------------------------------+
; Flow Settings                           ;
+-------------------+---------------------+
; Option            ; Setting             ;
+-------------------+---------------------+
; Start date & time ; 12/04/2025 11:38:52 ;
; Main task         ; Compilation         ;
; Revision Name     ; Estacion            ;
+-------------------+---------------------+


+-----------------------------------------------------------------------------------------------------------------------------+
; Flow Non-Default Global Settings                                                                                            ;
+--------------------------+-------------------------------------------------------+---------------+-------------+------------+
; Assignment Name          ; Value                                                 ; Default Value ; Entity Name ; Section Id ;
+--------------------------+-------------------------------------------------------+---------------+-------------+------------+
; COMPILER_SIGNATURE_ID    ; 10995770589201.176486993220016                        ; --            ; --          ; --         ;
; MAX_CORE_JUNCTION_TEMP   ; 100                                                   ; --            ; --          ; --         ;
; MIN_CORE_JUNCTION_TEMP   ; -40                                                   ; --            ; --          ; --         ;
; PROJECT_OUTPUT_DIRECTORY ; C:/Users/valed/OneDrive/Desktop/Estacion/output_files ; --            ; --          ; --         ;
+--------------------------+-------------------------------------------------------+---------------+-------------+------------+


+------------------------------------------------------+
; Flow Elapsed Time                                    ;
+-----------------+--------------+---------------------+
; Module Name     ; Elapsed Time ; Peak Virtual Memory ;
+-----------------+--------------+---------------------+
; Synthesis       ; 00:00:10     ; 804 MB              ;
; Fitter          ; 00:01:02     ; 3466 MB             ;
; Timing Analyzer ; 00:00:07     ; 1808 MB             ;
; Assembler       ; 00:00:04     ; 829 MB              ;
; Total           ; 00:01:23     ; --                  ;
+-----------------+--------------+---------------------+


+-------------------------------------------------------------------------------+
; Flow OS Summary                                                               ;
+-----------------+------------------+------------+------------+----------------+
; Module Name     ; Machine Hostname ; OS Name    ; OS Version ; Processor type ;
+-----------------+------------------+------------+------------+----------------+
; Synthesis       ; compumami        ; Windows 11 ; 10.0.26200 ; x86_64         ;
; Fitter          ; compumami        ; Windows 11 ; 10.0.26200 ; x86_64         ;
; Timing Analyzer ; compumami        ; Windows 11 ; 10.0.26200 ; x86_64         ;
; Assembler       ; compumami        ; Windows 11 ; 10.0.26200 ; x86_64         ;
+-----------------+------------------+------------+------------+----------------+


------------
; Flow Log ;
------------
quartus_syn --read_settings_files=on --write_settings_files=off Estacion -c Estacion
quartus_fit --read_settings_files=on --write_settings_files=off Estacion -c Estacion
quartus_sta Estacion -c Estacion --mode=finalize
quartus_asm --read_settings_files=on --write_settings_files=off Estacion -c Estacion



----------------
; Legal Notice ;
----------------
Copyright (C) 2025  Altera Corporation. All rights reserved.
Your use of Altera Corporation's design tools, logic functions 
and other software and tools, and any partner logic 
functions, and any output files from any of the foregoing 
(including device programming or simulation files), and any 
associated documentation or information are expressly subject 
to the terms and conditions of the Altera Program License 
Subscription Agreement, the Altera Quartus Prime License Agreement,
the Altera IP License Agreement, or other applicable license
agreement, including, without limitation, that your use is for
the sole purpose of programming logic devices manufactured by
Altera and sold by Altera or its authorized distributors.  Please
refer to the Altera Software License Subscription Agreements 
on the Quartus Prime software download page.



